<?xml version="1.0" encoding="UTF-8"?>
<testng-results ignored="0" total="8" passed="8" failed="0" skipped="0">
  <reporter-output>
  </reporter-output>
  <suite started-at="2024-04-27T09:39:34 IST" name="RegressionSuite" finished-at="2024-04-27T09:40:00 IST" duration-ms="25839">
    <groups>
    </groups>
    <test started-at="2024-04-27T09:39:34 IST" name="ChromeTest" finished-at="2024-04-27T09:39:45 IST" duration-ms="10614">
      <class name="sample.TestNG_Check2">
        <test-method is-config="true" signature="launchBrowser(java.lang.String)[pri:0, instance:sample.TestNG_Check2@1ce24091]" started-at="2024-04-27T09:39:38 IST" name="launchBrowser" finished-at="2024-04-27T09:39:40 IST" duration-ms="1784" status="PASS">
          <params>
            <param index="0">
              <value>
                <![CDATA[Chrome]]>
              </value>
            </param>
          </params>
          <reporter-output>
          </reporter-output>
        </test-method> <!-- launchBrowser -->
        <test-method is-config="true" signature="beforeClass()[pri:0, instance:sample.TestNG_Check2@1ce24091]" started-at="2024-04-27T09:39:40 IST" name="beforeClass" finished-at="2024-04-27T09:39:40 IST" duration-ms="2" status="PASS">
          <reporter-output>
          </reporter-output>
        </test-method> <!-- beforeClass -->
        <test-method is-config="true" signature="launchForgetPasswordPage()[pri:0, instance:sample.TestNG_Check2@1ce24091]" started-at="2024-04-27T09:39:40 IST" name="launchForgetPasswordPage" finished-at="2024-04-27T09:39:42 IST" duration-ms="2290" status="PASS">
          <reporter-output>
          </reporter-output>
        </test-method> <!-- launchForgetPasswordPage -->
        <test-method signature="VerifyPasswordChangedSuccussfully()[pri:0, instance:sample.TestNG_Check2@1ce24091]" started-at="2024-04-27T09:39:42 IST" name="VerifyPasswordChangedSuccussfully" finished-at="2024-04-27T09:39:42 IST" duration-ms="230" status="PASS">
          <reporter-output>
          </reporter-output>
        </test-method> <!-- VerifyPasswordChangedSuccussfully -->
        <test-method is-config="true" signature="captureScreenShot()[pri:0, instance:sample.TestNG_Check2@1ce24091]" started-at="2024-04-27T09:39:42 IST" name="captureScreenShot" finished-at="2024-04-27T09:39:42 IST" duration-ms="1" status="PASS">
          <reporter-output>
          </reporter-output>
        </test-method> <!-- captureScreenShot -->
        <test-method is-config="true" signature="launchForgetPasswordPage()[pri:0, instance:sample.TestNG_Check2@1ce24091]" started-at="2024-04-27T09:39:42 IST" name="launchForgetPasswordPage" finished-at="2024-04-27T09:39:44 IST" duration-ms="1794" status="PASS">
          <reporter-output>
          </reporter-output>
        </test-method> <!-- launchForgetPasswordPage -->
        <test-method signature="verifyErrormsgOnclickonCancel()[pri:0, instance:sample.TestNG_Check2@1ce24091]" started-at="2024-04-27T09:39:44 IST" name="verifyErrormsgOnclickonCancel" finished-at="2024-04-27T09:39:45 IST" duration-ms="916" status="PASS">
          <reporter-output>
          </reporter-output>
        </test-method> <!-- verifyErrormsgOnclickonCancel -->
        <test-method is-config="true" signature="captureScreenShot()[pri:0, instance:sample.TestNG_Check2@1ce24091]" started-at="2024-04-27T09:39:45 IST" name="captureScreenShot" finished-at="2024-04-27T09:39:45 IST" duration-ms="2" status="PASS">
          <reporter-output>
          </reporter-output>
        </test-method> <!-- captureScreenShot -->
        <test-method is-config="true" signature="afterClass()[pri:0, instance:sample.TestNG_Check2@1ce24091]" started-at="2024-04-27T09:39:45 IST" name="afterClass" finished-at="2024-04-27T09:39:45 IST" duration-ms="1" status="PASS">
          <reporter-output>
          </reporter-output>
        </test-method> <!-- afterClass -->
        <test-method is-config="true" signature="closedBrowser()[pri:0, instance:sample.TestNG_Check2@1ce24091]" started-at="2024-04-27T09:39:45 IST" name="closedBrowser" finished-at="2024-04-27T09:39:45 IST" duration-ms="137" status="PASS">
          <reporter-output>
          </reporter-output>
        </test-method> <!-- closedBrowser -->
      </class> <!-- sample.TestNG_Check2 -->
      <class name="sample.TestNG_Check">
        <test-method is-config="true" signature="launchBrowser(java.lang.String)[pri:0, instance:sample.TestNG_Check@3d285d7e]" started-at="2024-04-27T09:39:34 IST" name="launchBrowser" finished-at="2024-04-27T09:39:38 IST" duration-ms="3279" status="PASS">
          <params>
            <param index="0">
              <value>
                <![CDATA[Chrome]]>
              </value>
            </param>
          </params>
          <reporter-output>
          </reporter-output>
        </test-method> <!-- launchBrowser -->
        <test-method is-config="true" signature="initializePOMClasses()[pri:0, instance:sample.TestNG_Check@3d285d7e]" started-at="2024-04-27T09:39:40 IST" name="initializePOMClasses" finished-at="2024-04-27T09:39:40 IST" duration-ms="33" status="PASS">
          <reporter-output>
          </reporter-output>
        </test-method> <!-- initializePOMClasses -->
        <test-method is-config="true" signature="launchForgetPasswordPage()[pri:0, instance:sample.TestNG_Check@3d285d7e]" started-at="2024-04-27T09:39:40 IST" name="launchForgetPasswordPage" finished-at="2024-04-27T09:39:42 IST" duration-ms="2181" status="PASS">
          <reporter-output>
          </reporter-output>
        </test-method> <!-- launchForgetPasswordPage -->
        <test-method signature="VerifyPasswordChangedSuccussfully()[pri:0, instance:sample.TestNG_Check@3d285d7e]" started-at="2024-04-27T09:39:42 IST" name="VerifyPasswordChangedSuccussfully" finished-at="2024-04-27T09:39:42 IST" duration-ms="145" status="PASS">
          <reporter-output>
          </reporter-output>
        </test-method> <!-- VerifyPasswordChangedSuccussfully -->
        <test-method is-config="true" signature="captureScreenShot()[pri:0, instance:sample.TestNG_Check@3d285d7e]" started-at="2024-04-27T09:39:42 IST" name="captureScreenShot" finished-at="2024-04-27T09:39:42 IST" duration-ms="1" status="PASS">
          <reporter-output>
          </reporter-output>
        </test-method> <!-- captureScreenShot -->
        <test-method is-config="true" signature="launchForgetPasswordPage()[pri:0, instance:sample.TestNG_Check@3d285d7e]" started-at="2024-04-27T09:39:42 IST" name="launchForgetPasswordPage" finished-at="2024-04-27T09:39:44 IST" duration-ms="1631" status="PASS">
          <reporter-output>
          </reporter-output>
        </test-method> <!-- launchForgetPasswordPage -->
        <test-method signature="verifyErrormsgOnclickonCancel()[pri:0, instance:sample.TestNG_Check@3d285d7e]" started-at="2024-04-27T09:39:44 IST" name="verifyErrormsgOnclickonCancel" finished-at="2024-04-27T09:39:44 IST" duration-ms="765" status="PASS">
          <reporter-output>
          </reporter-output>
        </test-method> <!-- verifyErrormsgOnclickonCancel -->
        <test-method is-config="true" signature="captureScreenShot()[pri:0, instance:sample.TestNG_Check@3d285d7e]" started-at="2024-04-27T09:39:44 IST" name="captureScreenShot" finished-at="2024-04-27T09:39:44 IST" duration-ms="1" status="PASS">
          <reporter-output>
          </reporter-output>
        </test-method> <!-- captureScreenShot -->
        <test-method is-config="true" signature="afterClass()[pri:0, instance:sample.TestNG_Check@3d285d7e]" started-at="2024-04-27T09:39:44 IST" name="afterClass" finished-at="2024-04-27T09:39:44 IST" duration-ms="1" status="PASS">
          <reporter-output>
          </reporter-output>
        </test-method> <!-- afterClass -->
        <test-method is-config="true" signature="closedBrowser()[pri:0, instance:sample.TestNG_Check@3d285d7e]" started-at="2024-04-27T09:39:45 IST" name="closedBrowser" finished-at="2024-04-27T09:39:45 IST" duration-ms="118" status="PASS">
          <reporter-output>
          </reporter-output>
        </test-method> <!-- closedBrowser -->
      </class> <!-- sample.TestNG_Check -->
    </test> <!-- ChromeTest -->
    <test started-at="2024-04-27T09:39:45 IST" name="FirefoxTest" finished-at="2024-04-27T09:40:00 IST" duration-ms="15156">
      <class name="sample.TestNG_Check">
        <test-method is-config="true" signature="launchBrowser(java.lang.String)[pri:0, instance:sample.TestNG_Check@3c3d9b6b]" started-at="2024-04-27T09:39:45 IST" name="launchBrowser" finished-at="2024-04-27T09:39:49 IST" duration-ms="4263" status="PASS">
          <params>
            <param index="0">
              <value>
                <![CDATA[Firefox]]>
              </value>
            </param>
          </params>
          <reporter-output>
          </reporter-output>
        </test-method> <!-- launchBrowser -->
        <test-method is-config="true" signature="initializePOMClasses()[pri:0, instance:sample.TestNG_Check@3c3d9b6b]" started-at="2024-04-27T09:39:53 IST" name="initializePOMClasses" finished-at="2024-04-27T09:39:53 IST" duration-ms="2" status="PASS">
          <reporter-output>
          </reporter-output>
        </test-method> <!-- initializePOMClasses -->
        <test-method is-config="true" signature="launchForgetPasswordPage()[pri:0, instance:sample.TestNG_Check@3c3d9b6b]" started-at="2024-04-27T09:39:53 IST" name="launchForgetPasswordPage" finished-at="2024-04-27T09:39:55 IST" duration-ms="2725" status="PASS">
          <reporter-output>
          </reporter-output>
        </test-method> <!-- launchForgetPasswordPage -->
        <test-method signature="VerifyPasswordChangedSuccussfully()[pri:0, instance:sample.TestNG_Check@3c3d9b6b]" started-at="2024-04-27T09:39:55 IST" name="VerifyPasswordChangedSuccussfully" finished-at="2024-04-27T09:39:56 IST" duration-ms="272" status="PASS">
          <reporter-output>
          </reporter-output>
        </test-method> <!-- VerifyPasswordChangedSuccussfully -->
        <test-method is-config="true" signature="captureScreenShot()[pri:0, instance:sample.TestNG_Check@3c3d9b6b]" started-at="2024-04-27T09:39:56 IST" name="captureScreenShot" finished-at="2024-04-27T09:39:56 IST" duration-ms="0" status="PASS">
          <reporter-output>
          </reporter-output>
        </test-method> <!-- captureScreenShot -->
        <test-method is-config="true" signature="launchForgetPasswordPage()[pri:0, instance:sample.TestNG_Check@3c3d9b6b]" started-at="2024-04-27T09:39:56 IST" name="launchForgetPasswordPage" finished-at="2024-04-27T09:39:57 IST" duration-ms="1729" status="PASS">
          <reporter-output>
          </reporter-output>
        </test-method> <!-- launchForgetPasswordPage -->
        <test-method signature="verifyErrormsgOnclickonCancel()[pri:0, instance:sample.TestNG_Check@3c3d9b6b]" started-at="2024-04-27T09:39:57 IST" name="verifyErrormsgOnclickonCancel" finished-at="2024-04-27T09:39:58 IST" duration-ms="710" status="PASS">
          <reporter-output>
          </reporter-output>
        </test-method> <!-- verifyErrormsgOnclickonCancel -->
        <test-method is-config="true" signature="captureScreenShot()[pri:0, instance:sample.TestNG_Check@3c3d9b6b]" started-at="2024-04-27T09:39:58 IST" name="captureScreenShot" finished-at="2024-04-27T09:39:58 IST" duration-ms="1" status="PASS">
          <reporter-output>
          </reporter-output>
        </test-method> <!-- captureScreenShot -->
        <test-method is-config="true" signature="afterClass()[pri:0, instance:sample.TestNG_Check@3c3d9b6b]" started-at="2024-04-27T09:39:58 IST" name="afterClass" finished-at="2024-04-27T09:39:58 IST" duration-ms="0" status="PASS">
          <reporter-output>
          </reporter-output>
        </test-method> <!-- afterClass -->
        <test-method is-config="true" signature="closedBrowser()[pri:0, instance:sample.TestNG_Check@3c3d9b6b]" started-at="2024-04-27T09:39:58 IST" name="closedBrowser" finished-at="2024-04-27T09:39:59 IST" duration-ms="1042" status="PASS">
          <reporter-output>
          </reporter-output>
        </test-method> <!-- closedBrowser -->
      </class> <!-- sample.TestNG_Check -->
      <class name="sample.TestNG_Check2">
        <test-method is-config="true" signature="launchBrowser(java.lang.String)[pri:0, instance:sample.TestNG_Check2@79d8407f]" started-at="2024-04-27T09:39:49 IST" name="launchBrowser" finished-at="2024-04-27T09:39:53 IST" duration-ms="3291" status="PASS">
          <params>
            <param index="0">
              <value>
                <![CDATA[Firefox]]>
              </value>
            </param>
          </params>
          <reporter-output>
          </reporter-output>
        </test-method> <!-- launchBrowser -->
        <test-method is-config="true" signature="beforeClass()[pri:0, instance:sample.TestNG_Check2@79d8407f]" started-at="2024-04-27T09:39:53 IST" name="beforeClass" finished-at="2024-04-27T09:39:53 IST" duration-ms="1" status="PASS">
          <reporter-output>
          </reporter-output>
        </test-method> <!-- beforeClass -->
        <test-method is-config="true" signature="launchForgetPasswordPage()[pri:0, instance:sample.TestNG_Check2@79d8407f]" started-at="2024-04-27T09:39:53 IST" name="launchForgetPasswordPage" finished-at="2024-04-27T09:39:55 IST" duration-ms="2351" status="PASS">
          <reporter-output>
          </reporter-output>
        </test-method> <!-- launchForgetPasswordPage -->
        <test-method signature="VerifyPasswordChangedSuccussfully()[pri:0, instance:sample.TestNG_Check2@79d8407f]" started-at="2024-04-27T09:39:55 IST" name="VerifyPasswordChangedSuccussfully" finished-at="2024-04-27T09:39:55 IST" duration-ms="348" status="PASS">
          <reporter-output>
          </reporter-output>
        </test-method> <!-- VerifyPasswordChangedSuccussfully -->
        <test-method is-config="true" signature="captureScreenShot()[pri:0, instance:sample.TestNG_Check2@79d8407f]" started-at="2024-04-27T09:39:55 IST" name="captureScreenShot" finished-at="2024-04-27T09:39:55 IST" duration-ms="1" status="PASS">
          <reporter-output>
          </reporter-output>
        </test-method> <!-- captureScreenShot -->
        <test-method is-config="true" signature="launchForgetPasswordPage()[pri:0, instance:sample.TestNG_Check2@79d8407f]" started-at="2024-04-27T09:39:55 IST" name="launchForgetPasswordPage" finished-at="2024-04-27T09:39:57 IST" duration-ms="1668" status="PASS">
          <reporter-output>
          </reporter-output>
        </test-method> <!-- launchForgetPasswordPage -->
        <test-method signature="verifyErrormsgOnclickonCancel()[pri:0, instance:sample.TestNG_Check2@79d8407f]" started-at="2024-04-27T09:39:57 IST" name="verifyErrormsgOnclickonCancel" finished-at="2024-04-27T09:39:58 IST" duration-ms="823" status="PASS">
          <reporter-output>
          </reporter-output>
        </test-method> <!-- verifyErrormsgOnclickonCancel -->
        <test-method is-config="true" signature="captureScreenShot()[pri:0, instance:sample.TestNG_Check2@79d8407f]" started-at="2024-04-27T09:39:58 IST" name="captureScreenShot" finished-at="2024-04-27T09:39:58 IST" duration-ms="0" status="PASS">
          <reporter-output>
          </reporter-output>
        </test-method> <!-- captureScreenShot -->
        <test-method is-config="true" signature="afterClass()[pri:0, instance:sample.TestNG_Check2@79d8407f]" started-at="2024-04-27T09:39:58 IST" name="afterClass" finished-at="2024-04-27T09:39:58 IST" duration-ms="0" status="PASS">
          <reporter-output>
          </reporter-output>
        </test-method> <!-- afterClass -->
        <test-method is-config="true" signature="closedBrowser()[pri:0, instance:sample.TestNG_Check2@79d8407f]" started-at="2024-04-27T09:39:59 IST" name="closedBrowser" finished-at="2024-04-27T09:40:00 IST" duration-ms="1108" status="PASS">
          <reporter-output>
          </reporter-output>
        </test-method> <!-- closedBrowser -->
      </class> <!-- sample.TestNG_Check2 -->
    </test> <!-- FirefoxTest -->
  </suite> <!-- RegressionSuite -->
</testng-results>
