<?xml version="1.0" encoding="UTF-8"?>
<!-- Generated by org.testng.reporters.JUnitXMLReporter -->
<testsuite ignored="0" hostname="Spruha" failures="0" tests="4" name="ChromeTest" time="10.614" errors="0" timestamp="2024-04-27T09:39:45 IST">
  <testcase classname="sample.TestNG_Check" name="VerifyPasswordChangedSuccussfully" time="0.145"/>
  <testcase classname="sample.TestNG_Check2" name="VerifyPasswordChangedSuccussfully" time="0.23"/>
  <testcase classname="sample.TestNG_Check" name="verifyErrormsgOnclickonCancel" time="0.765"/>
  <testcase classname="sample.TestNG_Check2" name="verifyErrormsgOnclickonCancel" time="0.916"/>
</testsuite> <!-- ChromeTest -->
