<?xml version="1.0" encoding="UTF-8"?>
<!-- Generated by org.testng.reporters.JUnitXMLReporter -->
<testsuite ignored="0" hostname="Spruha" failures="0" tests="4" name="FirefoxTest" time="15.156" errors="0" timestamp="2024-04-27T09:40:00 IST">
  <testcase classname="sample.TestNG_Check2" name="VerifyPasswordChangedSuccussfully" time="0.348"/>
  <testcase classname="sample.TestNG_Check" name="VerifyPasswordChangedSuccussfully" time="0.272"/>
  <testcase classname="sample.TestNG_Check2" name="verifyErrormsgOnclickonCancel" time="0.823"/>
  <testcase classname="sample.TestNG_Check" name="verifyErrormsgOnclickonCancel" time="0.71"/>
</testsuite> <!-- FirefoxTest -->
